<?xml version="1.0" encoding="UTF-8"?>
<!-- Generated by org.testng.reporters.JUnitXMLReporter -->
<testsuite hostname="Raktims-MacBook-Pro.local" ignored="0" name="Open Cart Home Page Test_firefox" tests="5" failures="0" timestamp="26 Dec 2022 14:05:52 GMT" time="13.096" errors="0">
  <testcase name="homePageTitleTest" time="0.178" classname="com.qa.opencart.tests.HomePageTest"/>
  <testcase name="homePageUrlTest" time="0.151" classname="com.qa.opencart.tests.HomePageTest"/>
  <testcase name="searchTest" time="1.149" classname="com.qa.opencart.tests.HomePageTest"/>
  <testcase name="searchTest" time="0.749" classname="com.qa.opencart.tests.HomePageTest"/>
  <testcase name="searchTest" time="1.327" classname="com.qa.opencart.tests.HomePageTest"/>
</testsuite> <!-- Open Cart Home Page Test_firefox -->
