<?xml version="1.0" encoding="UTF-8"?>
<!-- Generated by org.testng.reporters.JUnitXMLReporter -->
<testsuite hostname="Raktims-MacBook-Pro.local" ignored="0" name="Open Cart Login Page Test_chrome" tests="3" failures="0" timestamp="26 Dec 2022 14:05:57 GMT" time="18.179" errors="0">
  <testcase name="loginpageNavigationTest" time="1.296" classname="com.qa.opencart.tests.LoginPageTest"/>
  <testcase name="forgotPwdLinkExistsTest" time="0.064" classname="com.qa.opencart.tests.LoginPageTest"/>
  <testcase name="appLoginTest" time="0.813" classname="com.qa.opencart.tests.LoginPageTest"/>
</testsuite> <!-- Open Cart Login Page Test_chrome -->
