<?xml version="1.0" encoding="UTF-8"?>
<!-- Generated by org.testng.reporters.JUnitXMLReporter -->
<testsuite hostname="Raktims-MacBook-Pro.local" ignored="0" name="Open Cart Home Page Test_chromium" tests="5" failures="0" timestamp="26 Dec 2022 17:44:29 GMT" time="11.986" errors="0">
  <testcase name="homePageTitleTest" time="0.147" classname="com.qa.opencart.tests.HomePageTest"/>
  <testcase name="homePageUrlTest" time="0.006" classname="com.qa.opencart.tests.HomePageTest"/>
  <testcase name="searchTest" time="0.615" classname="com.qa.opencart.tests.HomePageTest"/>
  <testcase name="searchTest" time="0.575" classname="com.qa.opencart.tests.HomePageTest"/>
  <testcase name="searchTest" time="0.494" classname="com.qa.opencart.tests.HomePageTest"/>
</testsuite> <!-- Open Cart Home Page Test_chromium -->
