<?xml version="1.0" encoding="UTF-8"?>
<!-- Generated by org.testng.reporters.JUnitXMLReporter -->
<testsuite hostname="Raktims-MacBook-Pro.local" ignored="0" name="Open Cart Home Page Test_firefox" tests="5" failures="0" timestamp="26 Dec 2022 17:44:30 GMT" time="13.22" errors="0">
  <testcase name="homePageTitleTest" time="0.032" classname="com.qa.opencart.tests.HomePageTest"/>
  <testcase name="homePageUrlTest" time="0.154" classname="com.qa.opencart.tests.HomePageTest"/>
  <testcase name="searchTest" time="0.54" classname="com.qa.opencart.tests.HomePageTest"/>
  <testcase name="searchTest" time="0.454" classname="com.qa.opencart.tests.HomePageTest"/>
  <testcase name="searchTest" time="0.439" classname="com.qa.opencart.tests.HomePageTest"/>
</testsuite> <!-- Open Cart Home Page Test_firefox -->
