<?xml version="1.0" encoding="UTF-8"?>
<!-- Generated by org.testng.reporters.JUnitXMLReporter -->
<testsuite hostname="Raktims-MacBook-Pro.local" ignored="0" name="Open Cart Home Page Test_chromium" tests="5" failures="0" timestamp="26 Dec 2022 14:05:54 GMT" time="14.842" errors="0">
  <testcase name="homePageTitleTest" time="0.273" classname="com.qa.opencart.tests.HomePageTest"/>
  <testcase name="homePageUrlTest" time="0.1" classname="com.qa.opencart.tests.HomePageTest"/>
  <testcase name="searchTest" time="0.94" classname="com.qa.opencart.tests.HomePageTest"/>
  <testcase name="searchTest" time="0.889" classname="com.qa.opencart.tests.HomePageTest"/>
  <testcase name="searchTest" time="0.665" classname="com.qa.opencart.tests.HomePageTest"/>
</testsuite> <!-- Open Cart Home Page Test_chromium -->
