<?xml version="1.0" encoding="UTF-8"?>
<!-- Generated by org.testng.reporters.JUnitXMLReporter -->
<testsuite hostname="Raktims-MacBook-Pro.local" ignored="0" name="Open Cart Home Page Test_chrome" tests="5" failures="0" timestamp="26 Dec 2022 12:29:40 GMT" time="21.053" errors="0">
  <testcase name="homePageTitleTest" time="0.315" classname="com.qa.opencart.tests.HomePageTest"/>
  <testcase name="homePageUrlTest" time="0.013" classname="com.qa.opencart.tests.HomePageTest"/>
  <testcase name="searchTest" time="2.101" classname="com.qa.opencart.tests.HomePageTest"/>
  <testcase name="searchTest" time="0.793" classname="com.qa.opencart.tests.HomePageTest"/>
  <testcase name="searchTest" time="0.658" classname="com.qa.opencart.tests.HomePageTest"/>
</testsuite> <!-- Open Cart Home Page Test_chrome -->
