-------------------------------------------------------------------------------
Test set: TestSuite
-------------------------------------------------------------------------------
Tests run: 13, Failures: 1, Errors: 0, Skipped: 0, Time elapsed: 18.022 s <<< FAILURE! - in TestSuite
forgotPwdLinkExistsTest(com.qa.opencart.tests.LoginPageTest)  Time elapsed: 0.065 s  <<< FAILURE!
java.lang.AssertionError: expected [true] but found [false]
	at com.qa.opencart.tests.LoginPageTest.forgotPwdLinkExistsTest(LoginPageTest.java:26)

