<?xml version="1.0" encoding="UTF-8"?>
<testng-results skipped="0" failed="0" ignored="0" total="13" passed="13">
  <reporter-output>
  </reporter-output>
  <suite name="Open Cart Test Regression PW Suite" duration-ms="18179" started-at="2022-12-26T14:05:39Z" finished-at="2022-12-26T14:05:57Z">
    <groups>
    </groups>
    <test name="Open Cart Home Page Test_firefox" duration-ms="13096" started-at="2022-12-26T14:05:39Z" finished-at="2022-12-26T14:05:52Z">
      <class name="com.qa.opencart.tests.HomePageTest">
        <test-method status="PASS" signature="setuP(java.lang.String)[pri:0, instance:com.qa.opencart.tests.HomePageTest@35e2d654]" name="setuP" is-config="true" duration-ms="7941" started-at="2022-12-26T14:05:39Z" finished-at="2022-12-26T14:05:47Z">
          <params>
            <param index="0">
              <value>
                <![CDATA[firefox]]>
              </value>
            </param>
          </params>
          <reporter-output>
          </reporter-output>
        </test-method> <!-- setuP -->
        <test-method status="PASS" signature="homePageTitleTest()[pri:0, instance:com.qa.opencart.tests.HomePageTest@35e2d654]" name="homePageTitleTest" duration-ms="178" started-at="2022-12-26T14:05:47Z" finished-at="2022-12-26T14:05:47Z">
          <reporter-output>
          </reporter-output>
        </test-method> <!-- homePageTitleTest -->
        <test-method status="PASS" signature="homePageUrlTest()[pri:0, instance:com.qa.opencart.tests.HomePageTest@35e2d654]" name="homePageUrlTest" duration-ms="151" started-at="2022-12-26T14:05:48Z" finished-at="2022-12-26T14:05:48Z">
          <reporter-output>
          </reporter-output>
        </test-method> <!-- homePageUrlTest -->
        <test-method status="PASS" signature="searchTest(java.lang.String)[pri:0, instance:com.qa.opencart.tests.HomePageTest@35e2d654]" name="searchTest" duration-ms="1149" started-at="2022-12-26T14:05:48Z" data-provider="getData" finished-at="2022-12-26T14:05:49Z">
          <params>
            <param index="0">
              <value>
                <![CDATA[Macbook]]>
              </value>
            </param>
          </params>
          <reporter-output>
          </reporter-output>
        </test-method> <!-- searchTest -->
        <test-method status="PASS" signature="searchTest(java.lang.String)[pri:0, instance:com.qa.opencart.tests.HomePageTest@35e2d654]" name="searchTest" duration-ms="749" started-at="2022-12-26T14:05:49Z" data-provider="getData" finished-at="2022-12-26T14:05:50Z">
          <params>
            <param index="0">
              <value>
                <![CDATA[iMac]]>
              </value>
            </param>
          </params>
          <reporter-output>
          </reporter-output>
        </test-method> <!-- searchTest -->
        <test-method status="PASS" signature="searchTest(java.lang.String)[pri:0, instance:com.qa.opencart.tests.HomePageTest@35e2d654]" name="searchTest" duration-ms="1327" started-at="2022-12-26T14:05:50Z" data-provider="getData" finished-at="2022-12-26T14:05:52Z">
          <params>
            <param index="0">
              <value>
                <![CDATA[Samsung]]>
              </value>
            </param>
          </params>
          <reporter-output>
          </reporter-output>
        </test-method> <!-- searchTest -->
        <test-method status="PASS" signature="tearDown()[pri:0, instance:com.qa.opencart.tests.HomePageTest@35e2d654]" name="tearDown" is-config="true" duration-ms="457" started-at="2022-12-26T14:05:52Z" finished-at="2022-12-26T14:05:52Z">
          <reporter-output>
          </reporter-output>
        </test-method> <!-- tearDown -->
      </class> <!-- com.qa.opencart.tests.HomePageTest -->
    </test> <!-- Open Cart Home Page Test_firefox -->
    <test name="Open Cart Home Page Test_chromium" duration-ms="14842" started-at="2022-12-26T14:05:39Z" finished-at="2022-12-26T14:05:54Z">
      <class name="com.qa.opencart.tests.HomePageTest">
        <test-method status="PASS" signature="setuP(java.lang.String)[pri:0, instance:com.qa.opencart.tests.HomePageTest@4c583ecf]" name="setuP" is-config="true" duration-ms="8972" started-at="2022-12-26T14:05:39Z" finished-at="2022-12-26T14:05:48Z">
          <params>
            <param index="0">
              <value>
                <![CDATA[chromium]]>
              </value>
            </param>
          </params>
          <reporter-output>
          </reporter-output>
        </test-method> <!-- setuP -->
        <test-method status="PASS" signature="homePageTitleTest()[pri:0, instance:com.qa.opencart.tests.HomePageTest@4c583ecf]" name="homePageTitleTest" duration-ms="273" started-at="2022-12-26T14:05:48Z" finished-at="2022-12-26T14:05:48Z">
          <reporter-output>
          </reporter-output>
        </test-method> <!-- homePageTitleTest -->
        <test-method status="PASS" signature="homePageUrlTest()[pri:0, instance:com.qa.opencart.tests.HomePageTest@4c583ecf]" name="homePageUrlTest" duration-ms="100" started-at="2022-12-26T14:05:49Z" finished-at="2022-12-26T14:05:50Z">
          <reporter-output>
          </reporter-output>
        </test-method> <!-- homePageUrlTest -->
        <test-method status="PASS" signature="searchTest(java.lang.String)[pri:0, instance:com.qa.opencart.tests.HomePageTest@4c583ecf]" name="searchTest" duration-ms="940" started-at="2022-12-26T14:05:50Z" data-provider="getData" finished-at="2022-12-26T14:05:51Z">
          <params>
            <param index="0">
              <value>
                <![CDATA[Macbook]]>
              </value>
            </param>
          </params>
          <reporter-output>
          </reporter-output>
        </test-method> <!-- searchTest -->
        <test-method status="PASS" signature="searchTest(java.lang.String)[pri:0, instance:com.qa.opencart.tests.HomePageTest@4c583ecf]" name="searchTest" duration-ms="889" started-at="2022-12-26T14:05:51Z" data-provider="getData" finished-at="2022-12-26T14:05:52Z">
          <params>
            <param index="0">
              <value>
                <![CDATA[iMac]]>
              </value>
            </param>
          </params>
          <reporter-output>
          </reporter-output>
        </test-method> <!-- searchTest -->
        <test-method status="PASS" signature="searchTest(java.lang.String)[pri:0, instance:com.qa.opencart.tests.HomePageTest@4c583ecf]" name="searchTest" duration-ms="665" started-at="2022-12-26T14:05:52Z" data-provider="getData" finished-at="2022-12-26T14:05:53Z">
          <params>
            <param index="0">
              <value>
                <![CDATA[Samsung]]>
              </value>
            </param>
          </params>
          <reporter-output>
          </reporter-output>
        </test-method> <!-- searchTest -->
        <test-method status="PASS" signature="tearDown()[pri:0, instance:com.qa.opencart.tests.HomePageTest@4c583ecf]" name="tearDown" is-config="true" duration-ms="224" started-at="2022-12-26T14:05:54Z" finished-at="2022-12-26T14:05:54Z">
          <reporter-output>
          </reporter-output>
        </test-method> <!-- tearDown -->
      </class> <!-- com.qa.opencart.tests.HomePageTest -->
    </test> <!-- Open Cart Home Page Test_chromium -->
    <test name="Open Cart Login Page Test_chrome" duration-ms="18179" started-at="2022-12-26T14:05:39Z" finished-at="2022-12-26T14:05:57Z">
      <class name="com.qa.opencart.tests.LoginPageTest">
        <test-method status="PASS" signature="setuP(java.lang.String)[pri:0, instance:com.qa.opencart.tests.LoginPageTest@459e9125]" name="setuP" is-config="true" duration-ms="15020" started-at="2022-12-26T14:05:39Z" finished-at="2022-12-26T14:05:54Z">
          <params>
            <param index="0">
              <value>
                <![CDATA[chrome]]>
              </value>
            </param>
          </params>
          <reporter-output>
          </reporter-output>
        </test-method> <!-- setuP -->
        <test-method status="PASS" signature="loginpageNavigationTest()[pri:1, instance:com.qa.opencart.tests.LoginPageTest@459e9125]" name="loginpageNavigationTest" duration-ms="1296" started-at="2022-12-26T14:05:54Z" finished-at="2022-12-26T14:05:55Z">
          <reporter-output>
          </reporter-output>
        </test-method> <!-- loginpageNavigationTest -->
        <test-method status="PASS" signature="forgotPwdLinkExistsTest()[pri:2, instance:com.qa.opencart.tests.LoginPageTest@459e9125]" name="forgotPwdLinkExistsTest" duration-ms="64" started-at="2022-12-26T14:05:56Z" finished-at="2022-12-26T14:05:56Z">
          <reporter-output>
          </reporter-output>
        </test-method> <!-- forgotPwdLinkExistsTest -->
        <test-method status="PASS" signature="appLoginTest()[pri:3, instance:com.qa.opencart.tests.LoginPageTest@459e9125]" name="appLoginTest" duration-ms="813" started-at="2022-12-26T14:05:56Z" finished-at="2022-12-26T14:05:57Z">
          <reporter-output>
          </reporter-output>
        </test-method> <!-- appLoginTest -->
        <test-method status="PASS" signature="tearDown()[pri:0, instance:com.qa.opencart.tests.LoginPageTest@459e9125]" name="tearDown" is-config="true" duration-ms="260" started-at="2022-12-26T14:05:57Z" finished-at="2022-12-26T14:05:57Z">
          <reporter-output>
          </reporter-output>
        </test-method> <!-- tearDown -->
      </class> <!-- com.qa.opencart.tests.LoginPageTest -->
    </test> <!-- Open Cart Login Page Test_chrome -->
  </suite> <!-- Open Cart Test Regression PW Suite -->
</testng-results>
