<?xml version="1.0" encoding="UTF-8"?>
<testsuite xmlns:xsi="http://www.w3.org/2001/XMLSchema-instance" xsi:noNamespaceSchemaLocation="https://maven.apache.org/surefire/maven-surefire-plugin/xsd/surefire-test-report.xsd" name="TestSuite" time="18.022" tests="13" errors="0" skipped="0" failures="1">
  <properties>
[...]
</properties>
  <testcase name="homePageTitleTest" classname="com.qa.opencart.tests.HomePageTest" time="0.198"/>
  <testcase name="homePageTitleTest" classname="com.qa.opencart.tests.HomePageTest" time="0.029"/>
  <testcase name="homePageUrlTest" classname="com.qa.opencart.tests.HomePageTest" time="0.004"/>
  <testcase name="homePageUrlTest" classname="com.qa.opencart.tests.HomePageTest" time="0.137"/>
  <testcase name="searchTest" classname="com.qa.opencart.tests.HomePageTest" time="0.105"/>
  <testcase name="searchTest" classname="com.qa.opencart.tests.HomePageTest" time="0.45"/>
  <testcase name="searchTest" classname="com.qa.opencart.tests.HomePageTest" time="0.542"/>
  <testcase name="searchTest" classname="com.qa.opencart.tests.HomePageTest" time="0.433"/>
  <testcase name="searchTest" classname="com.qa.opencart.tests.HomePageTest" time="0.449"/>
  <testcase name="searchTest" classname="com.qa.opencart.tests.HomePageTest" time="0.45"/>
  <testcase name="loginpageNavigationTest" classname="com.qa.opencart.tests.LoginPageTest" time="1.169"/>
  <testcase name="forgotPwdLinkExistsTest" classname="com.qa.opencart.tests.LoginPageTest" time="0.065">
    <failure message="expected [true] but found [false]" type="java.lang.AssertionError">java.lang.AssertionError: expected [true] but found [false]
	at com.qa.opencart.tests.LoginPageTest.forgotPwdLinkExistsTest(LoginPageTest.java:26)
</failure>
    <system-out><![CDATA[loginpageNavigationTest passed!
forgotPwdLinkExistsTest started!
]]></system-out>
  </testcase>
  <testcase name="appLoginTest" classname="com.qa.opencart.tests.LoginPageTest" time="0.858"/>
</testsuite>